build/app/intermediates/manifest_merge_blame_file/debug/manifest-merger-blame-debug-report.txt
1<?xml version="1.0" encoding="utf-8"?>
2<manifest xmlns:android="http://schemas.android.com/apk/res/android"
3    package="com.example.snack_shop"
4    android:versionCode="1"
5    android:versionName="1.0.0" >
6
7    <uses-sdk
8        android:minSdkVersion="21"
9        android:targetSdkVersion="33" />
10    <!--
11         The INTERNET permission is required for development. Specifically,
12         the Flutter tool needs it to communicate with the running application
13         to allow setting breakpoints, to provide hot reload, etc.
14    -->
15    <uses-permission android:name="android.permission.INTERNET" />
15-->src/main/AndroidManifest.xml:45:5-66
15-->src/main/AndroidManifest.xml:45:22-64
16    <uses-permission android:name="android.permission.ACCESS_NETWORK_STATE" />
16-->[:flutter_naver_login] AndroidManifest.xml:10:5-79
16-->[:flutter_naver_login] AndroidManifest.xml:10:22-76
17
18    <queries>
18-->[:kakao_flutter_sdk_common] AndroidManifest.xml:9:5-24:15
19        <package android:name="com.kakao.talk" />
19-->[:kakao_flutter_sdk_common] AndroidManifest.xml:10:9-50
19-->[:kakao_flutter_sdk_common] AndroidManifest.xml:10:18-47
20        <package android:name="com.kakao.talk.alpha" />
20-->[:kakao_flutter_sdk_common] AndroidManifest.xml:11:9-56
20-->[:kakao_flutter_sdk_common] AndroidManifest.xml:11:18-53
21        <package android:name="com.kakao.talk.sandbox" />
21-->[:kakao_flutter_sdk_common] AndroidManifest.xml:12:9-58
21-->[:kakao_flutter_sdk_common] AndroidManifest.xml:12:18-55
22        <package android:name="com.kakao.onetalk" />
22-->[:kakao_flutter_sdk_common] AndroidManifest.xml:13:9-53
22-->[:kakao_flutter_sdk_common] AndroidManifest.xml:13:18-50
23        <package android:name="com.locnall.KimGiSa" />
23-->[:kakao_flutter_sdk_common] AndroidManifest.xml:14:9-55
23-->[:kakao_flutter_sdk_common] AndroidManifest.xml:14:18-52
24        <package android:name="com.lguplus.navi" />
24-->[:kakao_flutter_sdk_common] AndroidManifest.xml:15:9-52
24-->[:kakao_flutter_sdk_common] AndroidManifest.xml:15:18-49
25
26        <intent>
26-->[:kakao_flutter_sdk_common] AndroidManifest.xml:17:9-23:18
27            <action android:name="android.intent.action.VIEW" />
27-->[:kakao_flutter_sdk_common] AndroidManifest.xml:18:13-65
27-->[:kakao_flutter_sdk_common] AndroidManifest.xml:18:21-62
28
29            <category android:name="android.intent.category.BROWSABLE" />
29-->[:kakao_flutter_sdk_common] AndroidManifest.xml:20:13-74
29-->[:kakao_flutter_sdk_common] AndroidManifest.xml:20:23-71
30
31            <data android:scheme="https" />
31-->[:kakao_flutter_sdk_common] AndroidManifest.xml:22:13-44
31-->[:kakao_flutter_sdk_common] AndroidManifest.xml:22:19-41
32        </intent>
33        <!-- 네이버앱 : 로그인, 스킴로그인 -->
34        <package android:name="com.nhn.android.search" /> <!-- 커스텀탭 로그인 -->
34-->[com.navercorp.nid:oauth:5.4.0] AndroidManifest.xml:16:9-58
34-->[com.navercorp.nid:oauth:5.4.0] AndroidManifest.xml:16:18-55
35        <intent>
35-->[com.navercorp.nid:oauth:5.4.0] AndroidManifest.xml:18:9-20:18
36            <action android:name="android.support.customtabs.action.CustomTabsService" />
36-->[com.navercorp.nid:oauth:5.4.0] AndroidManifest.xml:19:13-90
36-->[com.navercorp.nid:oauth:5.4.0] AndroidManifest.xml:19:21-87
37        </intent>
38
39        <package android:name="com.android.chrome" />
39-->[com.navercorp.nid:oauth:5.4.0] AndroidManifest.xml:22:9-54
39-->[com.navercorp.nid:oauth:5.4.0] AndroidManifest.xml:22:18-51
40    </queries>
41
42    <uses-permission android:name="com.google.android.providers.gsf.permission.READ_GSERVICES" />
42-->[com.google.android.recaptcha:recaptcha:18.4.0] AndroidManifest.xml:9:5-98
42-->[com.google.android.recaptcha:recaptcha:18.4.0] AndroidManifest.xml:9:22-95
43
44    <permission
44-->[androidx.core:core:1.10.1] AndroidManifest.xml:22:5-24:47
45        android:name="com.example.snack_shop.DYNAMIC_RECEIVER_NOT_EXPORTED_PERMISSION"
45-->[androidx.core:core:1.10.1] AndroidManifest.xml:23:9-81
46        android:protectionLevel="signature" />
46-->[androidx.core:core:1.10.1] AndroidManifest.xml:24:9-44
47
48    <uses-permission android:name="com.example.snack_shop.DYNAMIC_RECEIVER_NOT_EXPORTED_PERMISSION" />
48-->[androidx.core:core:1.10.1] AndroidManifest.xml:26:5-97
48-->[androidx.core:core:1.10.1] AndroidManifest.xml:26:22-94
49
50    <application
51        android:name="android.app.Application"
52        android:appComponentFactory="androidx.core.app.CoreComponentFactory"
52-->[androidx.core:core:1.10.1] AndroidManifest.xml:28:18-86
53        android:debuggable="true"
54        android:icon="@mipmap/ic_launcher"
55        android:label="snack_shop" >
56        <activity
57            android:name="com.example.snack_shop.MainActivity"
58            android:configChanges="orientation|keyboardHidden|keyboard|screenSize|smallestScreenSize|locale|layoutDirection|fontScale|screenLayout|density|uiMode"
59            android:exported="true"
60            android:hardwareAccelerated="true"
61            android:launchMode="singleTop"
62            android:theme="@style/LaunchTheme"
63            android:windowSoftInputMode="adjustResize" >
64
65            <!--
66                 Specifies an Android theme to apply to this Activity as soon as
67                 the Android process has started. This theme is visible to the user
68                 while the Flutter UI initializes. After that, this theme continues
69                 to determine the Window background behind the Flutter UI.
70            -->
71            <meta-data
72                android:name="io.flutter.embedding.android.NormalTheme"
73                android:resource="@style/NormalTheme" />
74
75            <intent-filter>
76                <action android:name="android.intent.action.MAIN" />
77
78                <category android:name="android.intent.category.LAUNCHER" />
79            </intent-filter>
80            <intent-filter>
81                <action android:name="android.intent.action.VIEW" />
81-->[:kakao_flutter_sdk_common] AndroidManifest.xml:18:13-65
81-->[:kakao_flutter_sdk_common] AndroidManifest.xml:18:21-62
82
83                <category android:name="android.intent.category.DEFAULT" />
83-->[com.google.firebase:firebase-auth:22.3.1] AndroidManifest.xml:38:17-76
83-->[com.google.firebase:firebase-auth:22.3.1] AndroidManifest.xml:38:27-73
84                <category android:name="android.intent.category.BROWSABLE" />
84-->[:kakao_flutter_sdk_common] AndroidManifest.xml:20:13-74
84-->[:kakao_flutter_sdk_common] AndroidManifest.xml:20:23-71
85
86                <data android:scheme="yournaverauthcallbackscheme" />
86-->[:kakao_flutter_sdk_common] AndroidManifest.xml:22:13-44
86-->[:kakao_flutter_sdk_common] AndroidManifest.xml:22:19-41
87            </intent-filter>
88        </activity>
89        <activity
90            android:name="com.kakao.sdk.flutter.AuthCodeCustomTabsActivity"
91            android:exported="true"
91-->[:kakao_flutter_sdk_common] AndroidManifest.xml:35:13-36
92            android:launchMode="singleTask"
92-->[:kakao_flutter_sdk_common] AndroidManifest.xml:36:13-44
93            android:theme="@style/TransparentCompat" >
93-->[:kakao_flutter_sdk_common] AndroidManifest.xml:37:13-53
94            <intent-filter android:label="flutter_web_auth" >
95                <action android:name="android.intent.action.VIEW" />
95-->[:kakao_flutter_sdk_common] AndroidManifest.xml:18:13-65
95-->[:kakao_flutter_sdk_common] AndroidManifest.xml:18:21-62
96
97                <category android:name="android.intent.category.DEFAULT" />
97-->[com.google.firebase:firebase-auth:22.3.1] AndroidManifest.xml:38:17-76
97-->[com.google.firebase:firebase-auth:22.3.1] AndroidManifest.xml:38:27-73
98                <category android:name="android.intent.category.BROWSABLE" />
98-->[:kakao_flutter_sdk_common] AndroidManifest.xml:20:13-74
98-->[:kakao_flutter_sdk_common] AndroidManifest.xml:20:23-71
99
100                <!-- Redirect URI, "kakao${YOUR_NATIVE_APP_KEY}://oauth" 형식 -->
101                <data
101-->[:kakao_flutter_sdk_common] AndroidManifest.xml:22:13-44
102                    android:host="oauth"
103                    android:scheme="kakaoff36bb09c6fe6689f59fbf82586a2305" />
103-->[:kakao_flutter_sdk_common] AndroidManifest.xml:22:19-41
104            </intent-filter>
105        </activity>
106
107        <!--
108             Don't delete the meta-data below.
109             This is used by the Flutter tool to generate GeneratedPluginRegistrant.java
110        -->
111        <meta-data
112            android:name="flutterEmbedding"
113            android:value="2" />
114        <meta-data
115            android:name="com.naver.sdk.clientId"
116            android:value="@string/client_id" />
117        <meta-data
118            android:name="com.naver.sdk.clientSecret"
119            android:value="@string/client_secret" />
120        <meta-data
121            android:name="com.naver.sdk.clientName"
122            android:value="@string/client_name" />
123
124        <service
124-->[:firebase_database] AndroidManifest.xml:10:9-14:19
125            android:name="com.google.firebase.components.ComponentDiscoveryService"
125-->[:firebase_database] AndroidManifest.xml:10:18-89
126            android:directBootAware="true"
126-->[com.google.firebase:firebase-common:20.4.2] AndroidManifest.xml:32:13-43
127            android:exported="false" >
127-->[com.google.firebase:firebase-auth:22.3.1] AndroidManifest.xml:68:13-37
128            <meta-data
128-->[:firebase_database] AndroidManifest.xml:11:13-13:85
129                android:name="com.google.firebase.components:io.flutter.plugins.firebase.database.FlutterFirebaseAppRegistrar"
129-->[:firebase_database] AndroidManifest.xml:12:17-127
130                android:value="com.google.firebase.components.ComponentRegistrar" />
130-->[:firebase_database] AndroidManifest.xml:13:17-82
131            <meta-data
131-->[:firebase_auth] AndroidManifest.xml:11:13-13:85
132                android:name="com.google.firebase.components:io.flutter.plugins.firebase.auth.FlutterFirebaseAuthRegistrar"
132-->[:firebase_auth] AndroidManifest.xml:12:17-124
133                android:value="com.google.firebase.components.ComponentRegistrar" />
133-->[:firebase_auth] AndroidManifest.xml:13:17-82
134            <meta-data
134-->[:firebase_storage] AndroidManifest.xml:11:13-13:85
135                android:name="com.google.firebase.components:io.flutter.plugins.firebase.storage.FlutterFirebaseAppRegistrar"
135-->[:firebase_storage] AndroidManifest.xml:12:17-126
136                android:value="com.google.firebase.components.ComponentRegistrar" />
136-->[:firebase_storage] AndroidManifest.xml:13:17-82
137            <meta-data
137-->[:firebase_core] AndroidManifest.xml:11:13-13:85
138                android:name="com.google.firebase.components:io.flutter.plugins.firebase.core.FlutterFirebaseCoreRegistrar"
138-->[:firebase_core] AndroidManifest.xml:12:17-124
139                android:value="com.google.firebase.components.ComponentRegistrar" />
139-->[:firebase_core] AndroidManifest.xml:13:17-82
140            <meta-data
140-->[com.google.firebase:firebase-auth:22.3.1] AndroidManifest.xml:69:13-71:85
141                android:name="com.google.firebase.components:com.google.firebase.auth.FirebaseAuthRegistrar"
141-->[com.google.firebase:firebase-auth:22.3.1] AndroidManifest.xml:70:17-109
142                android:value="com.google.firebase.components.ComponentRegistrar" />
142-->[com.google.firebase:firebase-auth:22.3.1] AndroidManifest.xml:71:17-82
143            <meta-data
143-->[com.google.firebase:firebase-storage:20.3.0] AndroidManifest.xml:30:13-32:85
144                android:name="com.google.firebase.components:com.google.firebase.storage.FirebaseStorageKtxRegistrar"
144-->[com.google.firebase:firebase-storage:20.3.0] AndroidManifest.xml:31:17-118
145                android:value="com.google.firebase.components.ComponentRegistrar" />
145-->[com.google.firebase:firebase-storage:20.3.0] AndroidManifest.xml:32:17-82
146            <meta-data
146-->[com.google.firebase:firebase-storage:20.3.0] AndroidManifest.xml:33:13-35:85
147                android:name="com.google.firebase.components:com.google.firebase.storage.StorageRegistrar"
147-->[com.google.firebase:firebase-storage:20.3.0] AndroidManifest.xml:34:17-107
148                android:value="com.google.firebase.components.ComponentRegistrar" />
148-->[com.google.firebase:firebase-storage:20.3.0] AndroidManifest.xml:35:17-82
149            <meta-data
149-->[com.google.firebase:firebase-database:20.3.0] AndroidManifest.xml:29:13-31:85
150                android:name="com.google.firebase.components:com.google.firebase.database.FirebaseDatabaseKtxRegistrar"
150-->[com.google.firebase:firebase-database:20.3.0] AndroidManifest.xml:30:17-120
151                android:value="com.google.firebase.components.ComponentRegistrar" />
151-->[com.google.firebase:firebase-database:20.3.0] AndroidManifest.xml:31:17-82
152            <meta-data
152-->[com.google.firebase:firebase-database:20.3.0] AndroidManifest.xml:32:13-34:85
153                android:name="com.google.firebase.components:com.google.firebase.database.DatabaseRegistrar"
153-->[com.google.firebase:firebase-database:20.3.0] AndroidManifest.xml:33:17-109
154                android:value="com.google.firebase.components.ComponentRegistrar" />
154-->[com.google.firebase:firebase-database:20.3.0] AndroidManifest.xml:34:17-82
155            <meta-data
155-->[com.google.firebase:firebase-appcheck:17.1.1] AndroidManifest.xml:25:13-27:85
156                android:name="com.google.firebase.components:com.google.firebase.appcheck.FirebaseAppCheckKtxRegistrar"
156-->[com.google.firebase:firebase-appcheck:17.1.1] AndroidManifest.xml:26:17-120
157                android:value="com.google.firebase.components.ComponentRegistrar" />
157-->[com.google.firebase:firebase-appcheck:17.1.1] AndroidManifest.xml:27:17-82
158            <meta-data
158-->[com.google.firebase:firebase-appcheck:17.1.1] AndroidManifest.xml:28:13-30:85
159                android:name="com.google.firebase.components:com.google.firebase.appcheck.FirebaseAppCheckRegistrar"
159-->[com.google.firebase:firebase-appcheck:17.1.1] AndroidManifest.xml:29:17-117
160                android:value="com.google.firebase.components.ComponentRegistrar" />
160-->[com.google.firebase:firebase-appcheck:17.1.1] AndroidManifest.xml:30:17-82
161            <meta-data
161-->[com.google.firebase:firebase-common-ktx:20.4.2] AndroidManifest.xml:12:13-14:85
162                android:name="com.google.firebase.components:com.google.firebase.ktx.FirebaseCommonLegacyRegistrar"
162-->[com.google.firebase:firebase-common-ktx:20.4.2] AndroidManifest.xml:13:17-116
163                android:value="com.google.firebase.components.ComponentRegistrar" />
163-->[com.google.firebase:firebase-common-ktx:20.4.2] AndroidManifest.xml:14:17-82
164            <meta-data
164-->[com.google.firebase:firebase-common:20.4.2] AndroidManifest.xml:35:13-37:85
165                android:name="com.google.firebase.components:com.google.firebase.FirebaseCommonKtxRegistrar"
165-->[com.google.firebase:firebase-common:20.4.2] AndroidManifest.xml:36:17-109
166                android:value="com.google.firebase.components.ComponentRegistrar" />
166-->[com.google.firebase:firebase-common:20.4.2] AndroidManifest.xml:37:17-82
167        </service>
168
169        <activity
169-->[:url_launcher_android] AndroidManifest.xml:10:9-13:74
170            android:name="io.flutter.plugins.urllauncher.WebViewActivity"
170-->[:url_launcher_android] AndroidManifest.xml:11:13-74
171            android:exported="false"
171-->[:url_launcher_android] AndroidManifest.xml:12:13-37
172            android:theme="@android:style/Theme.NoTitleBar.Fullscreen" />
172-->[:url_launcher_android] AndroidManifest.xml:13:13-71
173        <activity
173-->[:kakao_flutter_sdk_common] AndroidManifest.xml:27:9-32:56
174            android:name="com.kakao.sdk.flutter.TalkAuthCodeActivity"
174-->[:kakao_flutter_sdk_common] AndroidManifest.xml:28:13-70
175            android:configChanges="orientation|screenSize|keyboardHidden|uiMode"
175-->[:kakao_flutter_sdk_common] AndroidManifest.xml:29:13-81
176            android:exported="false"
176-->[:kakao_flutter_sdk_common] AndroidManifest.xml:30:13-37
177            android:launchMode="singleTask"
177-->[:kakao_flutter_sdk_common] AndroidManifest.xml:31:13-44
178            android:theme="@style/TransparentCompat" />
178-->[:kakao_flutter_sdk_common] AndroidManifest.xml:32:13-53
179        <activity
179-->[:kakao_flutter_sdk_common] AndroidManifest.xml:38:9-42:56
180            android:name="com.kakao.sdk.flutter.FollowChannelHandlerActivity"
180-->[:kakao_flutter_sdk_common] AndroidManifest.xml:39:13-78
181            android:exported="true"
181-->[:kakao_flutter_sdk_common] AndroidManifest.xml:40:13-36
182            android:launchMode="singleTask"
182-->[:kakao_flutter_sdk_common] AndroidManifest.xml:41:13-44
183            android:theme="@style/TransparentCompat" />
183-->[:kakao_flutter_sdk_common] AndroidManifest.xml:42:13-53
184        <activity
184-->[com.google.firebase:firebase-auth:22.3.1] AndroidManifest.xml:29:9-46:20
185            android:name="com.google.firebase.auth.internal.GenericIdpActivity"
185-->[com.google.firebase:firebase-auth:22.3.1] AndroidManifest.xml:30:13-80
186            android:excludeFromRecents="true"
186-->[com.google.firebase:firebase-auth:22.3.1] AndroidManifest.xml:31:13-46
187            android:exported="true"
187-->[com.google.firebase:firebase-auth:22.3.1] AndroidManifest.xml:32:13-36
188            android:launchMode="singleTask"
188-->[com.google.firebase:firebase-auth:22.3.1] AndroidManifest.xml:33:13-44
189            android:theme="@android:style/Theme.Translucent.NoTitleBar" >
189-->[com.google.firebase:firebase-auth:22.3.1] AndroidManifest.xml:34:13-72
190            <intent-filter>
190-->[com.google.firebase:firebase-auth:22.3.1] AndroidManifest.xml:35:13-45:29
191                <action android:name="android.intent.action.VIEW" />
191-->[:kakao_flutter_sdk_common] AndroidManifest.xml:18:13-65
191-->[:kakao_flutter_sdk_common] AndroidManifest.xml:18:21-62
192
193                <category android:name="android.intent.category.DEFAULT" />
193-->[com.google.firebase:firebase-auth:22.3.1] AndroidManifest.xml:38:17-76
193-->[com.google.firebase:firebase-auth:22.3.1] AndroidManifest.xml:38:27-73
194                <category android:name="android.intent.category.BROWSABLE" />
194-->[:kakao_flutter_sdk_common] AndroidManifest.xml:20:13-74
194-->[:kakao_flutter_sdk_common] AndroidManifest.xml:20:23-71
195
196                <data
196-->[:kakao_flutter_sdk_common] AndroidManifest.xml:22:13-44
197                    android:host="firebase.auth"
198                    android:path="/"
199                    android:scheme="genericidp" />
199-->[:kakao_flutter_sdk_common] AndroidManifest.xml:22:19-41
200            </intent-filter>
201        </activity>
202        <activity
202-->[com.google.firebase:firebase-auth:22.3.1] AndroidManifest.xml:47:9-64:20
203            android:name="com.google.firebase.auth.internal.RecaptchaActivity"
203-->[com.google.firebase:firebase-auth:22.3.1] AndroidManifest.xml:48:13-79
204            android:excludeFromRecents="true"
204-->[com.google.firebase:firebase-auth:22.3.1] AndroidManifest.xml:49:13-46
205            android:exported="true"
205-->[com.google.firebase:firebase-auth:22.3.1] AndroidManifest.xml:50:13-36
206            android:launchMode="singleTask"
206-->[com.google.firebase:firebase-auth:22.3.1] AndroidManifest.xml:51:13-44
207            android:theme="@android:style/Theme.Translucent.NoTitleBar" >
207-->[com.google.firebase:firebase-auth:22.3.1] AndroidManifest.xml:52:13-72
208            <intent-filter>
208-->[com.google.firebase:firebase-auth:22.3.1] AndroidManifest.xml:53:13-63:29
209                <action android:name="android.intent.action.VIEW" />
209-->[:kakao_flutter_sdk_common] AndroidManifest.xml:18:13-65
209-->[:kakao_flutter_sdk_common] AndroidManifest.xml:18:21-62
210
211                <category android:name="android.intent.category.DEFAULT" />
211-->[com.google.firebase:firebase-auth:22.3.1] AndroidManifest.xml:38:17-76
211-->[com.google.firebase:firebase-auth:22.3.1] AndroidManifest.xml:38:27-73
212                <category android:name="android.intent.category.BROWSABLE" />
212-->[:kakao_flutter_sdk_common] AndroidManifest.xml:20:13-74
212-->[:kakao_flutter_sdk_common] AndroidManifest.xml:20:23-71
213
214                <data
214-->[:kakao_flutter_sdk_common] AndroidManifest.xml:22:13-44
215                    android:host="firebase.auth"
216                    android:path="/"
217                    android:scheme="recaptcha" />
217-->[:kakao_flutter_sdk_common] AndroidManifest.xml:22:19-41
218            </intent-filter>
219        </activity> <!-- <activity -->
220        <!-- android:name="com.nhn.android.naverlogin.ui.OAuthLoginActivity" -->
221        <!-- android:configChanges="orientation|screenSize" -->
222        <!-- android:theme="@style/Theme.AppCompat.Light.Dialog" /> -->
223        <activity
223-->[com.navercorp.nid:oauth:5.4.0] AndroidManifest.xml:32:9-35:78
224            android:name="com.navercorp.nid.oauth.NidOAuthBridgeActivity"
224-->[com.navercorp.nid:oauth:5.4.0] AndroidManifest.xml:33:13-74
225            android:configChanges="orientation|screenSize"
225-->[com.navercorp.nid:oauth:5.4.0] AndroidManifest.xml:34:13-59
226            android:theme="@style/Theme.AppCompat.Transparent.NoActionBar" /> <!-- <activity -->
226-->[com.navercorp.nid:oauth:5.4.0] AndroidManifest.xml:35:13-75
227        <!-- android:name="com.navercorp.nid.oauth.activity.NidOAuthWebViewActivity" -->
228        <!-- android:configChanges="orientation|screenSize" -->
229        <!-- android:screenOrientation="behind" -->
230        <!-- android:label="OAuth2.0 by WebView" -->
231        <!-- android:theme="@style/Theme.AppCompat.Transparent.NoActionBar"/> -->
232        <activity
232-->[com.navercorp.nid:oauth:5.4.0] AndroidManifest.xml:44:9-63:20
233            android:name="com.navercorp.nid.oauth.activity.NidOAuthCustomTabActivity"
233-->[com.navercorp.nid:oauth:5.4.0] AndroidManifest.xml:45:13-86
234            android:configChanges="orientation|screenSize"
234-->[com.navercorp.nid:oauth:5.4.0] AndroidManifest.xml:46:13-59
235            android:exported="true"
235-->[com.navercorp.nid:oauth:5.4.0] AndroidManifest.xml:47:13-36
236            android:label="OAuth2.0 by Custom tabs"
236-->[com.navercorp.nid:oauth:5.4.0] AndroidManifest.xml:48:13-52
237            android:launchMode="singleTask"
237-->[com.navercorp.nid:oauth:5.4.0] AndroidManifest.xml:49:13-44
238            android:screenOrientation="behind"
238-->[com.navercorp.nid:oauth:5.4.0] AndroidManifest.xml:50:13-47
239            android:theme="@style/Theme.AppCompat.NoActionBar" >
239-->[com.navercorp.nid:oauth:5.4.0] AndroidManifest.xml:51:13-63
240            <intent-filter>
240-->[com.navercorp.nid:oauth:5.4.0] AndroidManifest.xml:52:13-62:29
241                <action android:name="android.intent.action.VIEW" />
241-->[:kakao_flutter_sdk_common] AndroidManifest.xml:18:13-65
241-->[:kakao_flutter_sdk_common] AndroidManifest.xml:18:21-62
242
243                <category android:name="android.intent.category.DEFAULT" />
243-->[com.google.firebase:firebase-auth:22.3.1] AndroidManifest.xml:38:17-76
243-->[com.google.firebase:firebase-auth:22.3.1] AndroidManifest.xml:38:27-73
244                <category android:name="android.intent.category.BROWSABLE" />
244-->[:kakao_flutter_sdk_common] AndroidManifest.xml:20:13-74
244-->[:kakao_flutter_sdk_common] AndroidManifest.xml:20:23-71
245                <!-- Intent URL 에서 로그인 액티비티를 실행하기 위해 설정 -->
246                <data
246-->[:kakao_flutter_sdk_common] AndroidManifest.xml:22:13-44
247                    android:host="authorize"
248                    android:path="/"
249                    android:scheme="naver3rdpartylogin" />
249-->[:kakao_flutter_sdk_common] AndroidManifest.xml:22:19-41
250            </intent-filter>
251        </activity>
252
253        <uses-library
253-->[androidx.window:window:1.0.0-beta04] AndroidManifest.xml:25:9-27:40
254            android:name="androidx.window.extensions"
254-->[androidx.window:window:1.0.0-beta04] AndroidManifest.xml:26:13-54
255            android:required="false" />
255-->[androidx.window:window:1.0.0-beta04] AndroidManifest.xml:27:13-37
256        <uses-library
256-->[androidx.window:window:1.0.0-beta04] AndroidManifest.xml:28:9-30:40
257            android:name="androidx.window.sidecar"
257-->[androidx.window:window:1.0.0-beta04] AndroidManifest.xml:29:13-51
258            android:required="false" />
258-->[androidx.window:window:1.0.0-beta04] AndroidManifest.xml:30:13-37
259
260        <provider
260-->[com.google.firebase:firebase-common:20.4.2] AndroidManifest.xml:23:9-28:39
261            android:name="com.google.firebase.provider.FirebaseInitProvider"
261-->[com.google.firebase:firebase-common:20.4.2] AndroidManifest.xml:24:13-77
262            android:authorities="com.example.snack_shop.firebaseinitprovider"
262-->[com.google.firebase:firebase-common:20.4.2] AndroidManifest.xml:25:13-72
263            android:directBootAware="true"
263-->[com.google.firebase:firebase-common:20.4.2] AndroidManifest.xml:26:13-43
264            android:exported="false"
264-->[com.google.firebase:firebase-common:20.4.2] AndroidManifest.xml:27:13-37
265            android:initOrder="100" />
265-->[com.google.firebase:firebase-common:20.4.2] AndroidManifest.xml:28:13-36
266
267        <activity
267-->[com.google.android.gms:play-services-auth:20.7.0] AndroidManifest.xml:23:9-27:75
268            android:name="com.google.android.gms.auth.api.signin.internal.SignInHubActivity"
268-->[com.google.android.gms:play-services-auth:20.7.0] AndroidManifest.xml:24:13-93
269            android:excludeFromRecents="true"
269-->[com.google.android.gms:play-services-auth:20.7.0] AndroidManifest.xml:25:13-46
270            android:exported="false"
270-->[com.google.android.gms:play-services-auth:20.7.0] AndroidManifest.xml:26:13-37
271            android:theme="@android:style/Theme.Translucent.NoTitleBar" />
271-->[com.google.android.gms:play-services-auth:20.7.0] AndroidManifest.xml:27:13-72
272        <!--
273            Service handling Google Sign-In user revocation. For apps that do not integrate with
274            Google Sign-In, this service will never be started.
275        -->
276        <service
276-->[com.google.android.gms:play-services-auth:20.7.0] AndroidManifest.xml:33:9-37:51
277            android:name="com.google.android.gms.auth.api.signin.RevocationBoundService"
277-->[com.google.android.gms:play-services-auth:20.7.0] AndroidManifest.xml:34:13-89
278            android:exported="true"
278-->[com.google.android.gms:play-services-auth:20.7.0] AndroidManifest.xml:35:13-36
279            android:permission="com.google.android.gms.auth.api.signin.permission.REVOCATION_NOTIFICATION"
279-->[com.google.android.gms:play-services-auth:20.7.0] AndroidManifest.xml:36:13-107
280            android:visibleToInstantApps="true" />
280-->[com.google.android.gms:play-services-auth:20.7.0] AndroidManifest.xml:37:13-48
281
282        <activity
282-->[com.google.android.gms:play-services-base:18.1.0] AndroidManifest.xml:20:9-22:45
283            android:name="com.google.android.gms.common.api.GoogleApiActivity"
283-->[com.google.android.gms:play-services-base:18.1.0] AndroidManifest.xml:20:19-85
284            android:exported="false"
284-->[com.google.android.gms:play-services-base:18.1.0] AndroidManifest.xml:22:19-43
285            android:theme="@android:style/Theme.Translucent.NoTitleBar" />
285-->[com.google.android.gms:play-services-base:18.1.0] AndroidManifest.xml:21:19-78
286
287        <meta-data
287-->[com.google.android.gms:play-services-basement:18.2.0] AndroidManifest.xml:21:9-23:69
288            android:name="com.google.android.gms.version"
288-->[com.google.android.gms:play-services-basement:18.2.0] AndroidManifest.xml:22:13-58
289            android:value="@integer/google_play_services_version" />
289-->[com.google.android.gms:play-services-basement:18.2.0] AndroidManifest.xml:23:13-66
290    </application>
291
292</manifest>